<?xml version="1.0" encoding="UTF-8"?>
<testng-results ignored="0" total="1" passed="1" failed="0" skipped="0">
  <reporter-output>
  </reporter-output>
  <suite started-at="2023-07-25T15:18:35 IST" name="Default suite" finished-at="2023-07-25T15:19:13 IST" duration-ms="38789">
    <groups>
    </groups>
    <test started-at="2023-07-25T15:18:35 IST" name="Default test" finished-at="2023-07-25T15:19:13 IST" duration-ms="38789">
      <class name="test.Gtest">
        <test-method is-config="true" signature="setup()[pri:0, instance:test.Gtest@3e08ff24]" started-at="2023-07-25T15:18:35 IST" name="setup" finished-at="2023-07-25T15:18:39 IST" duration-ms="4060" status="PASS">
          <reporter-output>
          </reporter-output>
        </test-method> <!-- setup -->
        <test-method signature="testing()[pri:0, instance:test.Gtest@3e08ff24]" started-at="2023-07-25T15:18:39 IST" name="testing" finished-at="2023-07-25T15:19:13 IST" duration-ms="34690" status="PASS">
          <reporter-output>
          </reporter-output>
        </test-method> <!-- testing -->
      </class> <!-- test.Gtest -->
    </test> <!-- Default test -->
  </suite> <!-- Default suite -->
</testng-results>
